<?xml version="1.0" encoding="UTF-8"?>
<robot generator="Robot 4.0.2 (Python 3.9.10 on win32)" generated="20230217 20:54:41.473" rpa="false" schemaversion="2">
<suite id="s1" name="TC1" source="C:\Users\dell\PycharmProjects\TestOAutomation2023\TC1.robot">
<test id="s1-t1" name="Valid Login">
<kw name="Open Browser" library="SeleniumLibrary">
<arg>${URL}</arg>
<arg>${BROWSER}</arg>
<doc>Opens a new browser instance to the optional ``url``.</doc>
<msg timestamp="20230217 20:54:41.955" level="INFO">Opening browser 'chrome' to base url 'https://magento.softwaretestingboard.com'.</msg>
<status status="PASS" starttime="20230217 20:54:41.955" endtime="20230217 20:54:47.884"/>
</kw>
<kw name="Maximize Browser Window" library="SeleniumLibrary">
<doc>Maximizes current browser window.</doc>
<status status="PASS" starttime="20230217 20:54:47.886" endtime="20230217 20:54:48.131"/>
</kw>
<kw name="Click Element" library="SeleniumLibrary">
<arg>${HOMEPAGE_SIGNIN_LINK}</arg>
<doc>Click the element identified by ``locator``.</doc>
<msg timestamp="20230217 20:54:48.135" level="INFO">Clicking element 'class:authorization-link'.</msg>
<status status="PASS" starttime="20230217 20:54:48.134" endtime="20230217 20:54:50.271"/>
</kw>
<kw name="Input Text" library="SeleniumLibrary">
<arg>${LOGIN_USERNAME_FIELD}</arg>
<arg>amieocolley@gmail.com</arg>
<doc>Types the given ``text`` into the text field identified by ``locator``.</doc>
<msg timestamp="20230217 20:54:50.275" level="INFO">Typing text 'amieocolley@gmail.com' into text field 'name:login[username]'.</msg>
<status status="PASS" starttime="20230217 20:54:50.272" endtime="20230217 20:54:50.995"/>
</kw>
<kw name="Input Text" library="SeleniumLibrary">
<arg>${LOGIN_PASSWORD_FIELD}</arg>
<arg>Jalato@1</arg>
<doc>Types the given ``text`` into the text field identified by ``locator``.</doc>
<msg timestamp="20230217 20:54:50.997" level="INFO">Typing text 'Jalato@1' into text field 'id:pass'.</msg>
<status status="PASS" starttime="20230217 20:54:50.996" endtime="20230217 20:54:51.269"/>
</kw>
<kw name="Click Element" library="SeleniumLibrary">
<arg>${SIGNIN_BUTTON}</arg>
<doc>Click the element identified by ``locator``.</doc>
<msg timestamp="20230217 20:54:51.270" level="INFO">Clicking element 'id:send2'.</msg>
<status status="PASS" starttime="20230217 20:54:51.269" endtime="20230217 20:54:53.314"/>
</kw>
<kw name="Wait Until Page Contains" library="SeleniumLibrary">
<arg>${LOGIN_SUCCESS_MESSAGE}</arg>
<arg>50s</arg>
<doc>Waits until ``text`` appears on the current page.</doc>
<status status="PASS" starttime="20230217 20:54:53.315" endtime="20230217 20:54:54.627"/>
</kw>
<tag>Ebou</tag>
<status status="PASS" starttime="20230217 20:54:41.953" endtime="20230217 20:54:54.628"/>
</test>
<test id="s1-t2" name=" Verify that access is denied when login credentials are not correct">
<kw name="Invalid login credentials should not allow the user to login">
<arg>amieocolley@gmail.com</arg>
<arg>Jalato@4</arg>
<arg>${LOGIN_SUCCESS_MESSAGE}</arg>
<kw name="Open Browser" library="SeleniumLibrary">
<arg>${URL}</arg>
<arg>${BROWSER}</arg>
<doc>Opens a new browser instance to the optional ``url``.</doc>
<msg timestamp="20230217 20:54:54.632" level="INFO">Opening browser 'chrome' to base url 'https://magento.softwaretestingboard.com'.</msg>
<status status="PASS" starttime="20230217 20:54:54.632" endtime="20230217 20:54:58.959"/>
</kw>
<kw name="Maximize Browser Window" library="SeleniumLibrary">
<doc>Maximizes current browser window.</doc>
<status status="PASS" starttime="20230217 20:54:58.959" endtime="20230217 20:54:59.200"/>
</kw>
<kw name="Click Element" library="SeleniumLibrary">
<arg>${HOMEPAGE_SIGNIN_LINK}</arg>
<doc>Click the element identified by ``locator``.</doc>
<msg timestamp="20230217 20:54:59.203" level="INFO">Clicking element 'class:authorization-link'.</msg>
<status status="PASS" starttime="20230217 20:54:59.201" endtime="20230217 20:55:01.347"/>
</kw>
<kw name="Input Text" library="SeleniumLibrary">
<arg>${LOGIN_USERNAME_FIELD}</arg>
<arg>${username}</arg>
<doc>Types the given ``text`` into the text field identified by ``locator``.</doc>
<msg timestamp="20230217 20:55:01.349" level="INFO">Typing text 'amieocolley@gmail.com' into text field 'name:login[username]'.</msg>
<status status="PASS" starttime="20230217 20:55:01.348" endtime="20230217 20:55:02.009"/>
</kw>
<kw name="Input Text" library="SeleniumLibrary">
<arg>${LOGIN_PASSWORD_FIELD}</arg>
<arg>${password}</arg>
<doc>Types the given ``text`` into the text field identified by ``locator``.</doc>
<msg timestamp="20230217 20:55:02.010" level="INFO">Typing text 'Jalato@4' into text field 'id:pass'.</msg>
<status status="PASS" starttime="20230217 20:55:02.009" endtime="20230217 20:55:02.223"/>
</kw>
<kw name="Click Element" library="SeleniumLibrary">
<arg>${SIGNIN_BUTTON}</arg>
<doc>Click the element identified by ``locator``.</doc>
<msg timestamp="20230217 20:55:02.224" level="INFO">Clicking element 'id:send2'.</msg>
<status status="PASS" starttime="20230217 20:55:02.223" endtime="20230217 20:55:04.362"/>
</kw>
<kw name="Page Should Not Contain" library="SeleniumLibrary">
<arg>${sucessMessage} 50s</arg>
<doc>Verifies the current page does not contain ``text``.</doc>
<msg timestamp="20230217 20:55:04.623" level="INFO">Current page does not contain text 'Welcome, Ebou Touray! 50s'.</msg>
<status status="PASS" starttime="20230217 20:55:04.362" endtime="20230217 20:55:04.623"/>
</kw>
<kw name="Close Browser" library="SeleniumLibrary">
<doc>Closes the current browser.</doc>
<status status="PASS" starttime="20230217 20:55:04.623" endtime="20230217 20:55:07.305"/>
</kw>
<status status="PASS" starttime="20230217 20:54:54.631" endtime="20230217 20:55:07.305"/>
</kw>
<kw name="Invalid login credentials should not allow the user to login">
<arg>amieocolle@gmail.com</arg>
<arg>Jalato@1</arg>
<arg>${LOGIN_SUCCESS_MESSAGE}</arg>
<kw name="Open Browser" library="SeleniumLibrary">
<arg>${URL}</arg>
<arg>${BROWSER}</arg>
<doc>Opens a new browser instance to the optional ``url``.</doc>
<msg timestamp="20230217 20:55:07.307" level="INFO">Opening browser 'chrome' to base url 'https://magento.softwaretestingboard.com'.</msg>
<status status="PASS" starttime="20230217 20:55:07.307" endtime="20230217 20:55:13.338"/>
</kw>
<kw name="Maximize Browser Window" library="SeleniumLibrary">
<doc>Maximizes current browser window.</doc>
<status status="PASS" starttime="20230217 20:55:13.339" endtime="20230217 20:55:13.675"/>
</kw>
<kw name="Click Element" library="SeleniumLibrary">
<arg>${HOMEPAGE_SIGNIN_LINK}</arg>
<doc>Click the element identified by ``locator``.</doc>
<msg timestamp="20230217 20:55:13.677" level="INFO">Clicking element 'class:authorization-link'.</msg>
<status status="PASS" starttime="20230217 20:55:13.675" endtime="20230217 20:55:15.820"/>
</kw>
<kw name="Input Text" library="SeleniumLibrary">
<arg>${LOGIN_USERNAME_FIELD}</arg>
<arg>${username}</arg>
<doc>Types the given ``text`` into the text field identified by ``locator``.</doc>
<msg timestamp="20230217 20:55:15.821" level="INFO">Typing text 'amieocolle@gmail.com' into text field 'name:login[username]'.</msg>
<status status="PASS" starttime="20230217 20:55:15.820" endtime="20230217 20:55:16.456"/>
</kw>
<kw name="Input Text" library="SeleniumLibrary">
<arg>${LOGIN_PASSWORD_FIELD}</arg>
<arg>${password}</arg>
<doc>Types the given ``text`` into the text field identified by ``locator``.</doc>
<msg timestamp="20230217 20:55:16.457" level="INFO">Typing text 'Jalato@1' into text field 'id:pass'.</msg>
<status status="PASS" starttime="20230217 20:55:16.456" endtime="20230217 20:55:16.675"/>
</kw>
<kw name="Click Element" library="SeleniumLibrary">
<arg>${SIGNIN_BUTTON}</arg>
<doc>Click the element identified by ``locator``.</doc>
<msg timestamp="20230217 20:55:16.675" level="INFO">Clicking element 'id:send2'.</msg>
<status status="PASS" starttime="20230217 20:55:16.675" endtime="20230217 20:55:18.471"/>
</kw>
<kw name="Page Should Not Contain" library="SeleniumLibrary">
<arg>${sucessMessage} 50s</arg>
<doc>Verifies the current page does not contain ``text``.</doc>
<msg timestamp="20230217 20:55:18.648" level="INFO">Current page does not contain text 'Welcome, Ebou Touray! 50s'.</msg>
<status status="PASS" starttime="20230217 20:55:18.471" endtime="20230217 20:55:18.648"/>
</kw>
<kw name="Close Browser" library="SeleniumLibrary">
<doc>Closes the current browser.</doc>
<status status="PASS" starttime="20230217 20:55:18.648" endtime="20230217 20:55:21.178"/>
</kw>
<status status="PASS" starttime="20230217 20:55:07.306" endtime="20230217 20:55:21.178"/>
</kw>
<kw name="Invalid login credentials should not allow the user to login">
<arg>amieocolley@gmail.com</arg>
<arg>Jalato@1</arg>
<arg>${LOGIN_SUCCESS_MESSAGE}</arg>
<kw name="Open Browser" library="SeleniumLibrary">
<arg>${URL}</arg>
<arg>${BROWSER}</arg>
<doc>Opens a new browser instance to the optional ``url``.</doc>
<msg timestamp="20230217 20:55:21.180" level="INFO">Opening browser 'chrome' to base url 'https://magento.softwaretestingboard.com'.</msg>
<status status="PASS" starttime="20230217 20:55:21.179" endtime="20230217 20:55:25.318"/>
</kw>
<kw name="Maximize Browser Window" library="SeleniumLibrary">
<doc>Maximizes current browser window.</doc>
<status status="PASS" starttime="20230217 20:55:25.319" endtime="20230217 20:55:25.603"/>
</kw>
<kw name="Click Element" library="SeleniumLibrary">
<arg>${HOMEPAGE_SIGNIN_LINK}</arg>
<doc>Click the element identified by ``locator``.</doc>
<msg timestamp="20230217 20:55:25.604" level="INFO">Clicking element 'class:authorization-link'.</msg>
<status status="PASS" starttime="20230217 20:55:25.603" endtime="20230217 20:55:27.633"/>
</kw>
<kw name="Input Text" library="SeleniumLibrary">
<arg>${LOGIN_USERNAME_FIELD}</arg>
<arg>${username}</arg>
<doc>Types the given ``text`` into the text field identified by ``locator``.</doc>
<msg timestamp="20230217 20:55:27.634" level="INFO">Typing text 'amieocolley@gmail.com' into text field 'name:login[username]'.</msg>
<status status="PASS" starttime="20230217 20:55:27.633" endtime="20230217 20:55:28.167"/>
</kw>
<kw name="Input Text" library="SeleniumLibrary">
<arg>${LOGIN_PASSWORD_FIELD}</arg>
<arg>${password}</arg>
<doc>Types the given ``text`` into the text field identified by ``locator``.</doc>
<msg timestamp="20230217 20:55:28.168" level="INFO">Typing text 'Jalato@1' into text field 'id:pass'.</msg>
<status status="PASS" starttime="20230217 20:55:28.167" endtime="20230217 20:55:28.372"/>
</kw>
<kw name="Click Element" library="SeleniumLibrary">
<arg>${SIGNIN_BUTTON}</arg>
<doc>Click the element identified by ``locator``.</doc>
<msg timestamp="20230217 20:55:28.375" level="INFO">Clicking element 'id:send2'.</msg>
<status status="PASS" starttime="20230217 20:55:28.372" endtime="20230217 20:55:30.379"/>
</kw>
<kw name="Page Should Not Contain" library="SeleniumLibrary">
<arg>${sucessMessage} 50s</arg>
<doc>Verifies the current page does not contain ``text``.</doc>
<msg timestamp="20230217 20:55:30.596" level="INFO">Current page does not contain text 'Welcome, Ebou Touray! 50s'.</msg>
<status status="PASS" starttime="20230217 20:55:30.379" endtime="20230217 20:55:30.596"/>
</kw>
<kw name="Close Browser" library="SeleniumLibrary">
<doc>Closes the current browser.</doc>
<status status="PASS" starttime="20230217 20:55:30.597" endtime="20230217 20:55:33.243"/>
</kw>
<status status="PASS" starttime="20230217 20:55:21.179" endtime="20230217 20:55:33.243"/>
</kw>
<kw name="Invalid login credentials should not allow the user to login">
<arg>${EMPTY}</arg>
<arg>Jalato@1</arg>
<arg>${LOGIN_SUCCESS_MESSAGE}</arg>
<kw name="Open Browser" library="SeleniumLibrary">
<arg>${URL}</arg>
<arg>${BROWSER}</arg>
<doc>Opens a new browser instance to the optional ``url``.</doc>
<msg timestamp="20230217 20:55:33.249" level="INFO">Opening browser 'chrome' to base url 'https://magento.softwaretestingboard.com'.</msg>
<status status="PASS" starttime="20230217 20:55:33.248" endtime="20230217 20:55:37.247"/>
</kw>
<kw name="Maximize Browser Window" library="SeleniumLibrary">
<doc>Maximizes current browser window.</doc>
<status status="PASS" starttime="20230217 20:55:37.247" endtime="20230217 20:55:37.471"/>
</kw>
<kw name="Click Element" library="SeleniumLibrary">
<arg>${HOMEPAGE_SIGNIN_LINK}</arg>
<doc>Click the element identified by ``locator``.</doc>
<msg timestamp="20230217 20:55:37.473" level="INFO">Clicking element 'class:authorization-link'.</msg>
<status status="PASS" starttime="20230217 20:55:37.472" endtime="20230217 20:55:39.302"/>
</kw>
<kw name="Input Text" library="SeleniumLibrary">
<arg>${LOGIN_USERNAME_FIELD}</arg>
<arg>${username}</arg>
<doc>Types the given ``text`` into the text field identified by ``locator``.</doc>
<msg timestamp="20230217 20:55:39.304" level="INFO">Typing text '' into text field 'name:login[username]'.</msg>
<status status="PASS" starttime="20230217 20:55:39.303" endtime="20230217 20:55:39.717"/>
</kw>
<kw name="Input Text" library="SeleniumLibrary">
<arg>${LOGIN_PASSWORD_FIELD}</arg>
<arg>${password}</arg>
<doc>Types the given ``text`` into the text field identified by ``locator``.</doc>
<msg timestamp="20230217 20:55:39.717" level="INFO">Typing text 'Jalato@1' into text field 'id:pass'.</msg>
<status status="PASS" starttime="20230217 20:55:39.717" endtime="20230217 20:55:39.866"/>
</kw>
<kw name="Click Element" library="SeleniumLibrary">
<arg>${SIGNIN_BUTTON}</arg>
<doc>Click the element identified by ``locator``.</doc>
<msg timestamp="20230217 20:55:39.870" level="INFO">Clicking element 'id:send2'.</msg>
<status status="PASS" starttime="20230217 20:55:39.867" endtime="20230217 20:55:39.980"/>
</kw>
<kw name="Page Should Not Contain" library="SeleniumLibrary">
<arg>${sucessMessage} 50s</arg>
<doc>Verifies the current page does not contain ``text``.</doc>
<msg timestamp="20230217 20:55:40.027" level="INFO">Current page does not contain text 'Welcome, Ebou Touray! 50s'.</msg>
<status status="PASS" starttime="20230217 20:55:39.981" endtime="20230217 20:55:40.027"/>
</kw>
<kw name="Close Browser" library="SeleniumLibrary">
<doc>Closes the current browser.</doc>
<status status="PASS" starttime="20230217 20:55:40.027" endtime="20230217 20:55:42.378"/>
</kw>
<status status="PASS" starttime="20230217 20:55:33.246" endtime="20230217 20:55:42.378"/>
</kw>
<kw name="Invalid login credentials should not allow the user to login">
<arg>${EMPTY}</arg>
<arg>${EMPTY}</arg>
<arg>${LOGIN_SUCCESS_MESSAGE}</arg>
<kw name="Open Browser" library="SeleniumLibrary">
<arg>${URL}</arg>
<arg>${BROWSER}</arg>
<doc>Opens a new browser instance to the optional ``url``.</doc>
<msg timestamp="20230217 20:55:42.381" level="INFO">Opening browser 'chrome' to base url 'https://magento.softwaretestingboard.com'.</msg>
<status status="PASS" starttime="20230217 20:55:42.380" endtime="20230217 20:55:46.297"/>
</kw>
<kw name="Maximize Browser Window" library="SeleniumLibrary">
<doc>Maximizes current browser window.</doc>
<status status="PASS" starttime="20230217 20:55:46.297" endtime="20230217 20:55:46.456"/>
</kw>
<kw name="Click Element" library="SeleniumLibrary">
<arg>${HOMEPAGE_SIGNIN_LINK}</arg>
<doc>Click the element identified by ``locator``.</doc>
<msg timestamp="20230217 20:55:46.458" level="INFO">Clicking element 'class:authorization-link'.</msg>
<status status="PASS" starttime="20230217 20:55:46.457" endtime="20230217 20:55:48.118"/>
</kw>
<kw name="Input Text" library="SeleniumLibrary">
<arg>${LOGIN_USERNAME_FIELD}</arg>
<arg>${username}</arg>
<doc>Types the given ``text`` into the text field identified by ``locator``.</doc>
<msg timestamp="20230217 20:55:48.120" level="INFO">Typing text '' into text field 'name:login[username]'.</msg>
<status status="PASS" starttime="20230217 20:55:48.118" endtime="20230217 20:55:48.467"/>
</kw>
<kw name="Input Text" library="SeleniumLibrary">
<arg>${LOGIN_PASSWORD_FIELD}</arg>
<arg>${password}</arg>
<doc>Types the given ``text`` into the text field identified by ``locator``.</doc>
<msg timestamp="20230217 20:55:48.469" level="INFO">Typing text '' into text field 'id:pass'.</msg>
<status status="PASS" starttime="20230217 20:55:48.468" endtime="20230217 20:55:48.598"/>
</kw>
<kw name="Click Element" library="SeleniumLibrary">
<arg>${SIGNIN_BUTTON}</arg>
<doc>Click the element identified by ``locator``.</doc>
<msg timestamp="20230217 20:55:48.599" level="INFO">Clicking element 'id:send2'.</msg>
<status status="PASS" starttime="20230217 20:55:48.599" endtime="20230217 20:55:48.712"/>
</kw>
<kw name="Page Should Not Contain" library="SeleniumLibrary">
<arg>${sucessMessage} 50s</arg>
<doc>Verifies the current page does not contain ``text``.</doc>
<msg timestamp="20230217 20:55:48.765" level="INFO">Current page does not contain text 'Welcome, Ebou Touray! 50s'.</msg>
<status status="PASS" starttime="20230217 20:55:48.712" endtime="20230217 20:55:48.765"/>
</kw>
<kw name="Close Browser" library="SeleniumLibrary">
<doc>Closes the current browser.</doc>
<status status="PASS" starttime="20230217 20:55:48.765" endtime="20230217 20:55:51.154"/>
</kw>
<status status="PASS" starttime="20230217 20:55:42.379" endtime="20230217 20:55:51.154"/>
</kw>
<status status="PASS" starttime="20230217 20:54:54.630" endtime="20230217 20:55:51.155"/>
</test>
<doc>Tests related to Login Scenarios</doc>
<status status="PASS" starttime="20230217 20:54:41.476" endtime="20230217 20:55:51.159"/>
</suite>
<statistics>
<total>
<stat pass="2" fail="0" skip="0">All Tests</stat>
</total>
<tag>
<stat pass="1" fail="0" skip="0">Ebou</stat>
</tag>
<suite>
<stat pass="2" fail="0" skip="0" id="s1" name="TC1">TC1</stat>
</suite>
</statistics>
<errors>
</errors>
</robot>
